<?xml version="1.0" encoding="UTF-8"?>
<!-- Generated by org.testng.reporters.JUnitReportReporter -->
<testsuite hostname="WDAAS6302-P2047" name="com.item.tests.SearchItemTest" tests="3" failures="0" timestamp="7 Mar 2019 12:58:47 GMT" time="35.547" errors="0">
  <testcase name="testBlankForItemCategory" time="8.461" classname="com.item.tests.SearchItemTest"/>
  <testcase name="testSearchForResults" time="15.128" classname="com.item.tests.SearchItemTest"/>
  <testcase name="testSearchForEmptyList" time="11.958" classname="com.item.tests.SearchItemTest"/>
</testsuite> <!-- com.item.tests.SearchItemTest -->
